<?xml version="1.0" encoding="UTF-8"?>
<testsuite xmlns:xsi="http://www.w3.org/2001/XMLSchema-instance" xsi:schemaLocation="https://maven.apache.org/surefire/maven-surefire-plugin/xsd/surefire-test-report.xsd" name="com.accenture.features.search.IniciarSesion" time="12.609" tests="1" errors="1" skipped="0" failures="0">
  <properties>
[...]
</properties>
  <testcase name="com.accenture.features.search.IniciarSesion" classname="com.accenture.features.search.IniciarSesion" time="2.843">
    <error message="Failed to create step library for Pasos:java.util.MissingResourceException--&gt;Can&apos;t find bundle for base name com/accenture/tasks/config, locale en_US" type="net.serenitybdd.core.exceptions.StepInitialisationException">net.serenitybdd.core.exceptions.StepInitialisationException: Failed to create step library for Pasos:java.util.MissingResourceException-->Can't find bundle for base name com/accenture/tasks/config, locale en_US
Caused by: net.sf.cglib.core.CodeGenerationException: java.util.MissingResourceException-->Can't find bundle for base name com/accenture/tasks/config, locale en_US
Caused by: java.util.MissingResourceException: Can't find bundle for base name com/accenture/tasks/config, locale en_US
</error>
    <system-err><![CDATA[[main] INFO net.serenitybdd.core.Serenity - &amp#27;[36m

-------------------------------------------------------------------------------------
     _______. _______ .______       _______ .__   __.  __  .___________.____    ____ 
    /       ||   ____||   _  \     |   ____||  \ |  | |  | |           |\   \  /   / 
   |   (----`|  |__   |  |_)  |    |  |__   |   \|  | |  | `---|  |----` \   \/   /  
    \   \    |   __|  |      /     |   __|  |  . `  | |  |     |  |       \_    _/   
.----)   |   |  |____ |  |\  \----.|  |____ |  |\   | |  |     |  |         |  |     
|_______/    |_______|| _| `._____||_______||__| \__| |__|     |__|         |__|    
                                                                                     
 News and tutorials at http://www.serenity-bdd.info                                  
 Documentation at https://wakaleo.gitbooks.io/the-serenity-book/content/             
 Join the Serenity Community on Rocket Chat at https://serenity-bdd.rocket.chat      
 Serenity BDD Support and Training at http://serenity-bdd.info/#/trainingandsupport  
 Learn Serenity BDD online at http://serenity-dojo.com                               
-------------------------------------------------------------------------------------
&amp#27;[0m
]]></system-err>
  </testcase>
</testsuite>